tv/build/intermediates/manifest_merge_blame_file/release/processReleaseMainManifest/manifest-merger-blame-release-report.txt
1<?xml version="1.0" encoding="utf-8"?>
2<manifest xmlns:android="http://schemas.android.com/apk/res/android"
3    package="top.cywin.onetv.tv"
4    android:versionCode="1"
5    android:versionName="1.0.1" >
6
7    <uses-sdk
8        android:minSdkVersion="21"
9        android:targetSdkVersion="34" />
10
11    <uses-feature
11-->src\main\AndroidManifest.xml:5:5-7:36
12        android:name="android.hardware.touchscreen"
12-->src\main\AndroidManifest.xml:6:9-52
13        android:required="false" />
13-->src\main\AndroidManifest.xml:7:9-33
14    <uses-feature
14-->src\main\AndroidManifest.xml:8:5-10:36
15        android:name="android.software.leanback"
15-->src\main\AndroidManifest.xml:9:9-49
16        android:required="false" />
16-->src\main\AndroidManifest.xml:10:9-33
17
18    <queries>
18-->src\main\AndroidManifest.xml:12:5-14:15
19        <package android:name="com.google.android.webview" />
19-->src\main\AndroidManifest.xml:13:9-62
19-->src\main\AndroidManifest.xml:13:18-59
20    </queries>
21
22    <uses-permission android:name="android.permission.INTERNET" />
22-->src\main\AndroidManifest.xml:16:5-67
22-->src\main\AndroidManifest.xml:16:22-64
23    <uses-permission android:name="android.permission.RECEIVE_BOOT_COMPLETED" />
23-->src\main\AndroidManifest.xml:17:5-81
23-->src\main\AndroidManifest.xml:17:22-78
24    <uses-permission android:name="android.permission.REQUEST_INSTALL_PACKAGES" />
24-->src\main\AndroidManifest.xml:18:5-83
24-->src\main\AndroidManifest.xml:18:22-80
25    <uses-permission android:name="android.permission.READ_EXTERNAL_STORAGE" />
25-->src\main\AndroidManifest.xml:19:5-80
25-->src\main\AndroidManifest.xml:19:22-77
26    <uses-permission android:name="android.permission.MANAGE_EXTERNAL_STORAGE" />
26-->src\main\AndroidManifest.xml:20:5-22:40
26-->src\main\AndroidManifest.xml:21:9-66
27    <uses-permission android:name="android.permission.ACCESS_NETWORK_STATE" />
27-->[androidx.media3:media3-common:1.4.0] AndroidManifest.xml:22:5-79
27-->[androidx.media3:media3-common:1.4.0] AndroidManifest.xml:22:22-76
28
29    <permission
29-->[androidx.core:core:1.13.1] AndroidManifest.xml:22:5-24:47
30        android:name="top.cywin.onetv.tv.DYNAMIC_RECEIVER_NOT_EXPORTED_PERMISSION"
30-->[androidx.core:core:1.13.1] AndroidManifest.xml:23:9-81
31        android:protectionLevel="signature" />
31-->[androidx.core:core:1.13.1] AndroidManifest.xml:24:9-44
32
33    <uses-permission android:name="top.cywin.onetv.tv.DYNAMIC_RECEIVER_NOT_EXPORTED_PERMISSION" />
33-->[androidx.core:core:1.13.1] AndroidManifest.xml:26:5-97
33-->[androidx.core:core:1.13.1] AndroidManifest.xml:26:22-94
34
35    <application
35-->src\main\AndroidManifest.xml:24:5-73:19
36        android:name="top.cywin.onetv.tv.MyTVApplication"
36-->src\main\AndroidManifest.xml:25:9-40
37        android:allowBackup="true"
37-->src\main\AndroidManifest.xml:26:9-35
38        android:appComponentFactory="androidx.core.app.CoreComponentFactory"
38-->[androidx.core:core:1.13.1] AndroidManifest.xml:28:18-86
39        android:banner="@drawable/tv_banner"
39-->src\main\AndroidManifest.xml:27:9-45
40        android:extractNativeLibs="true"
41        android:icon="@mipmap/ic_launcher"
41-->src\main\AndroidManifest.xml:28:9-43
42        android:label="@string/app_name"
42-->src\main\AndroidManifest.xml:29:9-41
43        android:networkSecurityConfig="@xml/network_security_config"
43-->src\main\AndroidManifest.xml:30:9-69
44        android:requestLegacyExternalStorage="true"
44-->src\main\AndroidManifest.xml:31:9-52
45        android:screenOrientation="sensorLandscape"
45-->src\main\AndroidManifest.xml:32:9-52
46        android:supportsRtl="true"
46-->src\main\AndroidManifest.xml:33:9-35
47        android:theme="@style/Theme.MyTV"
47-->src\main\AndroidManifest.xml:34:9-42
48        android:usesCleartextTraffic="true" >
48-->src\main\AndroidManifest.xml:35:9-44
49        <activity
49-->src\main\AndroidManifest.xml:38:9-51:20
50            android:name="top.cywin.onetv.tv.MainActivity"
50-->src\main\AndroidManifest.xml:39:13-41
51            android:configChanges="screenSize|smallestScreenSize|screenLayout|orientation|screenLayout|keyboardHidden"
51-->src\main\AndroidManifest.xml:40:13-119
52            android:exported="true"
52-->src\main\AndroidManifest.xml:41:13-36
53            android:resizeableActivity="true"
53-->src\main\AndroidManifest.xml:42:13-46
54            android:screenOrientation="sensorLandscape"
54-->src\main\AndroidManifest.xml:43:13-56
55            android:supportsPictureInPicture="true" >
55-->src\main\AndroidManifest.xml:44:13-52
56            <intent-filter>
56-->src\main\AndroidManifest.xml:45:13-50:29
57                <action android:name="android.intent.action.MAIN" />
57-->src\main\AndroidManifest.xml:46:17-69
57-->src\main\AndroidManifest.xml:46:25-66
58
59                <category android:name="android.intent.category.LAUNCHER" />
59-->src\main\AndroidManifest.xml:48:17-77
59-->src\main\AndroidManifest.xml:48:27-74
60                <category android:name="android.intent.category.LEANBACK_LAUNCHER" />
60-->src\main\AndroidManifest.xml:49:17-86
60-->src\main\AndroidManifest.xml:49:27-83
61            </intent-filter>
62        </activity>
63
64        <receiver
64-->src\main\AndroidManifest.xml:53:9-62:20
65            android:name="top.cywin.onetv.tv.BootReceiver"
65-->src\main\AndroidManifest.xml:54:13-41
66            android:enabled="true"
66-->src\main\AndroidManifest.xml:55:13-35
67            android:exported="false"
67-->src\main\AndroidManifest.xml:56:13-37
68            android:permission="android.permission.RECEIVE_BOOT_COMPLETED" >
68-->src\main\AndroidManifest.xml:57:13-75
69            <intent-filter>
69-->src\main\AndroidManifest.xml:58:13-61:29
70                <action android:name="android.intent.action.BOOT_COMPLETED" />
70-->src\main\AndroidManifest.xml:59:17-79
70-->src\main\AndroidManifest.xml:59:25-76
71
72                <category android:name="android.intent.category.DEFAULT" />
72-->src\main\AndroidManifest.xml:60:17-76
72-->src\main\AndroidManifest.xml:60:27-73
73            </intent-filter>
74        </receiver>
75
76        <provider
77            android:name="androidx.core.content.FileProvider"
77-->src\main\AndroidManifest.xml:65:13-62
78            android:authorities="top.cywin.onetv.tv.FileProvider"
78-->src\main\AndroidManifest.xml:66:13-64
79            android:exported="false"
79-->src\main\AndroidManifest.xml:67:13-37
80            android:grantUriPermissions="true" >
80-->src\main\AndroidManifest.xml:68:13-47
81            <meta-data
81-->src\main\AndroidManifest.xml:69:13-71:54
82                android:name="android.support.FILE_PROVIDER_PATHS"
82-->src\main\AndroidManifest.xml:70:17-67
83                android:resource="@xml/file_paths" />
83-->src\main\AndroidManifest.xml:71:17-51
84        </provider>
85        <provider
85-->[androidx.lifecycle:lifecycle-process:2.8.4] AndroidManifest.xml:24:9-32:20
86            android:name="androidx.startup.InitializationProvider"
86-->[androidx.lifecycle:lifecycle-process:2.8.4] AndroidManifest.xml:25:13-67
87            android:authorities="top.cywin.onetv.tv.androidx-startup"
87-->[androidx.lifecycle:lifecycle-process:2.8.4] AndroidManifest.xml:26:13-68
88            android:exported="false" >
88-->[androidx.lifecycle:lifecycle-process:2.8.4] AndroidManifest.xml:27:13-37
89            <meta-data
89-->[androidx.lifecycle:lifecycle-process:2.8.4] AndroidManifest.xml:29:13-31:52
90                android:name="androidx.lifecycle.ProcessLifecycleInitializer"
90-->[androidx.lifecycle:lifecycle-process:2.8.4] AndroidManifest.xml:30:17-78
91                android:value="androidx.startup" />
91-->[androidx.lifecycle:lifecycle-process:2.8.4] AndroidManifest.xml:31:17-49
92            <meta-data
92-->[androidx.emoji2:emoji2:1.3.0] AndroidManifest.xml:29:13-31:52
93                android:name="androidx.emoji2.text.EmojiCompatInitializer"
93-->[androidx.emoji2:emoji2:1.3.0] AndroidManifest.xml:30:17-75
94                android:value="androidx.startup" />
94-->[androidx.emoji2:emoji2:1.3.0] AndroidManifest.xml:31:17-49
95            <meta-data
95-->[androidx.profileinstaller:profileinstaller:1.3.1] AndroidManifest.xml:29:13-31:52
96                android:name="androidx.profileinstaller.ProfileInstallerInitializer"
96-->[androidx.profileinstaller:profileinstaller:1.3.1] AndroidManifest.xml:30:17-85
97                android:value="androidx.startup" />
97-->[androidx.profileinstaller:profileinstaller:1.3.1] AndroidManifest.xml:31:17-49
98        </provider>
99
100        <receiver
100-->[androidx.profileinstaller:profileinstaller:1.3.1] AndroidManifest.xml:34:9-52:20
101            android:name="androidx.profileinstaller.ProfileInstallReceiver"
101-->[androidx.profileinstaller:profileinstaller:1.3.1] AndroidManifest.xml:35:13-76
102            android:directBootAware="false"
102-->[androidx.profileinstaller:profileinstaller:1.3.1] AndroidManifest.xml:36:13-44
103            android:enabled="true"
103-->[androidx.profileinstaller:profileinstaller:1.3.1] AndroidManifest.xml:37:13-35
104            android:exported="true"
104-->[androidx.profileinstaller:profileinstaller:1.3.1] AndroidManifest.xml:38:13-36
105            android:permission="android.permission.DUMP" >
105-->[androidx.profileinstaller:profileinstaller:1.3.1] AndroidManifest.xml:39:13-57
106            <intent-filter>
106-->[androidx.profileinstaller:profileinstaller:1.3.1] AndroidManifest.xml:40:13-42:29
107                <action android:name="androidx.profileinstaller.action.INSTALL_PROFILE" />
107-->[androidx.profileinstaller:profileinstaller:1.3.1] AndroidManifest.xml:41:17-91
107-->[androidx.profileinstaller:profileinstaller:1.3.1] AndroidManifest.xml:41:25-88
108            </intent-filter>
109            <intent-filter>
109-->[androidx.profileinstaller:profileinstaller:1.3.1] AndroidManifest.xml:43:13-45:29
110                <action android:name="androidx.profileinstaller.action.SKIP_FILE" />
110-->[androidx.profileinstaller:profileinstaller:1.3.1] AndroidManifest.xml:44:17-85
110-->[androidx.profileinstaller:profileinstaller:1.3.1] AndroidManifest.xml:44:25-82
111            </intent-filter>
112            <intent-filter>
112-->[androidx.profileinstaller:profileinstaller:1.3.1] AndroidManifest.xml:46:13-48:29
113                <action android:name="androidx.profileinstaller.action.SAVE_PROFILE" />
113-->[androidx.profileinstaller:profileinstaller:1.3.1] AndroidManifest.xml:47:17-88
113-->[androidx.profileinstaller:profileinstaller:1.3.1] AndroidManifest.xml:47:25-85
114            </intent-filter>
115            <intent-filter>
115-->[androidx.profileinstaller:profileinstaller:1.3.1] AndroidManifest.xml:49:13-51:29
116                <action android:name="androidx.profileinstaller.action.BENCHMARK_OPERATION" />
116-->[androidx.profileinstaller:profileinstaller:1.3.1] AndroidManifest.xml:50:17-95
116-->[androidx.profileinstaller:profileinstaller:1.3.1] AndroidManifest.xml:50:25-92
117            </intent-filter>
118        </receiver>
119    </application>
120
121</manifest>